Log file open, 04/24/17 16:44:23
LogInit:Display: Running engine for game: MVP_FPS
LogPlatformFile: Not using cached read wrapper
LogInit:Display: RandInit(2049707733) SRandInit(2049707733).
LogTaskGraph: Started task graph with 5 named threads and 6 total threads with 1 sets of task threads.
LogStats: Stats thread started at 0.076029
LogInit: Using libcurl 7.47.1
LogInit:  - built for x86_64-pc-win32
LogInit:  - supports SSL with OpenSSL/1.0.2g
LogInit:  - supports HTTP deflate (compression) using libz 1.2.8
LogInit:  - other features:
LogInit:      CURL_VERSION_SSL
LogInit:      CURL_VERSION_LIBZ
LogInit:      CURL_VERSION_IPV6
LogInit:      CURL_VERSION_ASYNCHDNS
LogInit:      CURL_VERSION_LARGEFILE
LogInit:      CURL_VERSION_IDN
LogInit:  CurlRequestOptions (configurable via config and command line):
LogInit:  - bVerifyPeer = false  - Libcurl will NOT verify peer certificate
LogInit:  - bUseHttpProxy = false  - Libcurl will NOT use HTTP proxy
LogInit:  - bDontReuseConnections = false  - Libcurl will reuse connections
LogInit:  - CertBundlePath = nullptr  - Libcurl will use whatever was configured at build time.
LogInit: Build: ++UE4+Release-4.15-CL-3348071
LogInit: Engine Version: 4.15.1-3348071+++UE4+Release-4.15
LogInit: Compatible Engine Version: 4.15.0-3299760+++UE4+Release-4.15
LogInit: Net CL: 3299760
LogDevObjectVersion: Number of dev versions registered: 14
LogDevObjectVersion:   Dev-Blueprints (B0D832E4-1F89-4F0D-ACCF-7EB736FD4AA2): 8
LogDevObjectVersion:   Dev-Build (E1C64328-A22C-4D53-A36C-8E866417BD8C): 0
LogDevObjectVersion:   Dev-Core (375EC13C-06E4-48FB-B500-84F0262A717E): 2
LogDevObjectVersion:   Dev-Editor (E4B068ED-F494-42E9-A231-DA0B2E46BB41): 14
LogDevObjectVersion:   Dev-Framework (CFFC743F-43B0-4480-9391-14DF171D2073): 22
LogDevObjectVersion:   Dev-Mobile (B02B49B5-BB20-44E9-A304-32B752E40360): 0
LogDevObjectVersion:   Dev-Networking (A4E4105C-59A1-49B5-A7C5-40C4547EDFEE): 0
LogDevObjectVersion:   Dev-Online (39C831C9-5AE6-47DC-9A44-9C173E1C8E7C): 0
LogDevObjectVersion:   Dev-Physics (78F01B33-EBEA-4F98-B9B4-84EACCB95AA2): 0
LogDevObjectVersion:   Dev-Platform (6631380F-2D4D-43E0-8009-CF276956A95A): 0
LogDevObjectVersion:   Dev-Rendering (12F88B9F-8875-4AFC-A67C-D90C383ABD29): 12
LogDevObjectVersion:   Dev-Sequencer (7B5AE74C-D270-4C10-A958-57980B212A5A): 3
LogDevObjectVersion:   Dev-VR (D7296918-1DD6-4BDD-9DE2-64A83CC13884): 0
LogDevObjectVersion:   Dev-LoadTimes (C2A15278-BFE7-4AFE-6C17-90FF531DF755): 1
LogInit: Compiled (64-bit): Mar 15 2017 16:52:47
LogInit: Compiled with Visual C++: 19.00.23026.00
LogInit: Build Configuration: Development
LogInit: Branch Name: ++UE4+Release-4.15
LogInit: Command line: -EpicPortal 
LogInit: Base directory: C:/Program Files/Epic Games/UE_4.15/Engine/Binaries/Win64/
LogInit: Installed Engine Build: 1
LogInit: Presizing for max 8388607 objects, including 0 objects not considered by GC, pre-allocating 0 bytes for permanent pool.
LogInit: Object subsystem initialized
[2017.04.24-20.44.25:381][  0]LogInit: Selected Device Profile: [Windows]
[2017.04.24-20.44.25:381][  0]LogInit: Applying CVar settings loaded from the selected device profile: [Windows]
[2017.04.24-20.44.25:520][  0]LogInit: Computer: CHRISLAPTOP
[2017.04.24-20.44.25:520][  0]LogInit: User: Chris
[2017.04.24-20.44.25:520][  0]LogInit: CPU Page size=65536, Cores=2
[2017.04.24-20.44.25:520][  0]LogInit: High frequency timer resolution =2.338445 MHz
[2017.04.24-20.44.25:521][  0]LogMemory: Memory total: Physical=5.9GB (6GB approx)
[2017.04.24-20.44.25:521][  0]LogMemory: Platform Memory Stats for Windows
[2017.04.24-20.44.25:521][  0]LogMemory: Process Physical Memory: 263.22 MB used, 263.22 MB peak
[2017.04.24-20.44.25:521][  0]LogMemory: Process Virtual Memory: 262.43 MB used, 262.43 MB peak
[2017.04.24-20.44.25:521][  0]LogMemory: Physical Memory: 4773.80 MB used,  1262.47 MB free, 6036.27 MB total
[2017.04.24-20.44.25:521][  0]LogMemory: Virtual Memory: 643.24 MB used,  1262.47 MB free, 134217728.00 MB total
[2017.04.24-20.44.25:690][  0]LogTextLocalizationManager: No specific translations for ('en-US') exist, so ('en') translations will be used.
[2017.04.24-20.44.37:278][  0]LogD3D11RHI: D3D11 adapters:
[2017.04.24-20.44.37:284][  0]LogD3D11RHI:    0. 'Intel(R) HD Graphics 4000' (Feature Level 11_0)
[2017.04.24-20.44.37:284][  0]LogD3D11RHI:       32/0/1760 MB DedicatedVideo/DedicatedSystem/SharedSystem, Outputs:1, VendorId:0x8086
[2017.04.24-20.44.37:286][  0]LogD3D11RHI:    1. 'Microsoft Basic Render Driver' (Feature Level 11_0)
[2017.04.24-20.44.37:286][  0]LogD3D11RHI:       0/0/3018 MB DedicatedVideo/DedicatedSystem/SharedSystem, Outputs:0, VendorId:0x1414
[2017.04.24-20.44.37:286][  0]LogD3D11RHI: Chosen D3D11 Adapter: 0
[2017.04.24-20.44.37:292][  0]LogD3D11RHI: Creating new Direct3DDevice
[2017.04.24-20.44.37:292][  0]LogD3D11RHI:     GPU DeviceId: 0x166 (for the marketing name, search the web for "GPU Device Id")
[2017.04.24-20.44.37:292][  0]LogWindows: EnumDisplayDevices:
[2017.04.24-20.44.37:292][  0]LogWindows:    0. 'Intel(R) HD Graphics 4000' (P:1 D:1)
[2017.04.24-20.44.37:292][  0]LogWindows:    1. 'Intel(R) HD Graphics 4000' (P:0 D:0)
[2017.04.24-20.44.37:293][  0]LogWindows:    2. 'Intel(R) HD Graphics 4000' (P:0 D:0)
[2017.04.24-20.44.37:293][  0]LogWindows: DebugString: FoundDriverCount:3 
[2017.04.24-20.44.37:293][  0]LogD3D11RHI:     Adapter Name: Intel(R) HD Graphics 4000
[2017.04.24-20.44.37:293][  0]LogD3D11RHI:   Driver Version: 10.18.10.4358 (internal:10.18.10.4358, unified:10.18.10.4358)
[2017.04.24-20.44.37:293][  0]LogD3D11RHI:      Driver Date: 12-21-2015
[2017.04.24-20.44.37:293][  0]LogRHI: Texture pool is 638 MB (70% of 912 MB)
[2017.04.24-20.44.37:298][  0]LogD3D11RHI: Async texture creation enabled
[2017.04.24-20.44.37:302][  0]LogD3D11RHI: GPU Timing Frequency: 12.500000 (Debug: 2 0)
[2017.04.24-20.44.37:303][  0]LogShaderCompilers: Guid format shader working directory is -17 characters bigger than the processId version (../../../../../../Users/Chris/Documents/Unreal Projects/MVP_FPS/Intermediate/Shaders/WorkingDirectory/2944/).
[2017.04.24-20.44.37:304][  0]LogShaderCompilers: Cleaned the shader compiler working directory 'C:/Users/Chris/AppData/Local/Temp/UnrealShaderWorkingDir/46779E494182BDF8491724994301E9CB/'.
[2017.04.24-20.44.37:304][  0]LogShaderCompilers:Display: Using Local Shader Compiler.
[2017.04.24-20.44.53:427][  0]LogTemp:Display: Loaded TP AllDesktopTargetPlatform
[2017.04.24-20.44.53:686][  0]LogTemp:Display: Loaded TP MacClientTargetPlatform
[2017.04.24-20.44.53:843][  0]LogTemp:Display: Loaded TP MacNoEditorTargetPlatform
[2017.04.24-20.44.54:043][  0]LogTemp:Display: Loaded TP MacServerTargetPlatform
[2017.04.24-20.44.54:244][  0]LogTemp:Display: Loaded TP MacTargetPlatform
[2017.04.24-20.44.54:386][  0]LogTemp:Display: Loaded TP WindowsClientTargetPlatform
[2017.04.24-20.44.54:563][  0]LogTemp:Display: Loaded TP WindowsNoEditorTargetPlatform
[2017.04.24-20.44.54:722][  0]LogTemp:Display: Loaded TP WindowsServerTargetPlatform
[2017.04.24-20.44.54:828][  0]LogTemp:Display: Loaded TP WindowsTargetPlatform
[2017.04.24-20.44.55:045][  0]LogTemp:Display: Loaded TP AndroidTargetPlatform
[2017.04.24-20.44.55:213][  0]LogTemp:Display: Loaded TP Android_ASTCTargetPlatform
[2017.04.24-20.44.55:347][  0]LogTemp:Display: Loaded TP Android_ATCTargetPlatform
[2017.04.24-20.44.55:477][  0]LogTemp:Display: Loaded TP Android_DXTTargetPlatform
[2017.04.24-20.44.55:598][  0]LogTemp:Display: Loaded TP Android_ETC1TargetPlatform
[2017.04.24-20.44.55:739][  0]LogTemp:Display: Loaded TP Android_ETC2TargetPlatform
[2017.04.24-20.44.56:098][  0]LogTemp:Display: Loaded TP Android_MultiTargetPlatform
[2017.04.24-20.44.56:098][  0]LogTemp:Display: Loaded TP Android_PVRTCTargetPlatform
[2017.04.24-20.44.56:191][  0]LogTemp:Display: Loaded TP HTML5TargetPlatform
[2017.04.24-20.44.56:581][  0]LogTemp:Display: Loaded TP IOSTargetPlatform
[2017.04.24-20.44.56:665][  0]LogTemp:Display: Loaded TP TVOSTargetPlatform
[2017.04.24-20.44.56:765][  0]LogTemp:Display: Loaded TP LinuxClientTargetPlatform
[2017.04.24-20.44.56:862][  0]LogTemp:Display: Loaded TP LinuxNoEditorTargetPlatform
[2017.04.24-20.44.56:960][  0]LogTemp:Display: Loaded TP LinuxServerTargetPlatform
[2017.04.24-20.44.57:074][  0]LogTemp:Display: Loaded TP LinuxTargetPlatform
[2017.04.24-20.44.57:074][  0]LogTargetPlatformManager:Display: Building Assets For Windows
[2017.04.24-20.44.58:853][  0]LogDerivedDataCache:Display: Max Cache Size: 512 MB
[2017.04.24-20.44.59:511][  0]LogDerivedDataCache: Loaded boot cache 0.66s 50MB C:/Users/Chris/AppData/Local/UnrealEngine/4.15/DerivedDataCache/Boot.ddc.
[2017.04.24-20.44.59:511][  0]LogDerivedDataCache:Display: Loaded Boot cache: C:/Users/Chris/AppData/Local/UnrealEngine/4.15/DerivedDataCache/Boot.ddc
[2017.04.24-20.44.59:512][  0]LogDerivedDataCache: FDerivedDataBackendGraph:  Pak pak cache file ../../../../../../Users/Chris/Documents/Unreal Projects/MVP_FPS/DerivedDataCache/DDC.ddp not found, will not use a pak cache.
[2017.04.24-20.44.59:512][  0]LogDerivedDataCache: Unable to find inner node Pak for hierarchical cache Hierarchy.
[2017.04.24-20.44.59:512][  0]LogDerivedDataCache: FDerivedDataBackendGraph:  CompressedPak pak cache file ../../../../../../Users/Chris/Documents/Unreal Projects/MVP_FPS/DerivedDataCache/Compressed.ddp not found, will not use a pak cache.
[2017.04.24-20.44.59:512][  0]LogDerivedDataCache: Unable to find inner node CompressedPak for hierarchical cache Hierarchy.
[2017.04.24-20.44.59:589][  0]LogDerivedDataCache:Display: Pak cache opened for reading ../../../Engine/DerivedDataCache/Compressed.ddp.
[2017.04.24-20.44.59:603][  0]LogDerivedDataCache: Using Local data cache path C:/Users/Chris/AppData/Local/UnrealEngine/Common/DerivedDataCache: Writable
[2017.04.24-20.44.59:631][  0]LogSlate: Using Freetype 2.6.0
[2017.04.24-20.44.59:690][  0]LogSlate: SlateFontCache - WITH_FREETYPE: 1, WITH_HARFBUZZ: 1
[2017.04.24-20.44.59:690][  0]LogSlate: SlateFontCache - WITH_FREETYPE: 1, WITH_HARFBUZZ: 1
[2017.04.24-20.45.13:093][  0]LogInit: Selected Device Profile: [Windows]
[2017.04.24-20.45.13:098][  0]LogContentStreaming: Texture pool size is 0.00 MB
[2017.04.24-20.45.13:491][  0]LogMeshUtilities: Using QuadricMeshReduction for automatic static mesh reduction
[2017.04.24-20.45.13:574][  0]LogSimplygon: Simplygon DLL not present - disabling.
[2017.04.24-20.45.13:662][  0]LogMeshUtilities: Using SimplygonSwarm for distributed automatic mesh merging
[2017.04.24-20.45.13:662][  0]LogMeshUtilities: No automatic skeletal mesh reduction module available
[2017.04.24-20.45.13:662][  0]LogMeshUtilities: No automatic mesh merging module available
[2017.04.24-20.45.16:747][  0]LogNetVersion: GetLocalNetworkVersion: CL: 3299760, ProjectName: mvp_fps, ProjectVersion: , EngineNetworkVersion: 2, GameNetworkVersion: 0, NetworkChecksum: 259268776
[2017.04.24-20.45.16:822][  0]LogAssetRegistry: FAssetRegistry took 0.0218 seconds to start up
[2017.04.24-20.45.17:059][  0]LogPackageLocalizationCache: Processed 3 localized package path(s) for 2 prioritized culture(s) in 0.196788 seconds
[2017.04.24-20.45.17:075][  0]LogUObjectArray: 32493 objects as part of root set at end of initial load.
[2017.04.24-20.45.17:075][  0]LogUObjectAllocator: 7077024 out of 0 bytes used by permanent object pool.
[2017.04.24-20.45.17:075][  0]LogUObjectArray: CloseDisregardForGC: 0/0 objects in disregard for GC pool
[2017.04.24-20.45.17:194][  0]LogInit: WinSock: version 1.1 (2.2), MaxSocks=32767, MaxUdp=65467
[2017.04.24-20.45.42:758][  0]LogTcpMessaging: Initializing TcpMessaging bridge
[2017.04.24-20.45.42:818][  0]LogUdpMessaging: Initializing bridge on interface 0.0.0.0:0 to multicast group 230.0.0.1:6666.
[2017.04.24-20.45.44:127][  0]LogMaterial: Uniform references updated for custom material expression Custom.
[2017.04.24-20.45.44:948][  0]SourceControl: Info Source control is disabled
[2017.04.24-20.45.44:950][  0]SourceControl: Info Source control is disabled
[2017.04.24-20.45.45:033][  0]SourceControl: Info Source control is disabled
[2017.04.24-20.45.45:120][  0]SourceControl: Info Source control is disabled
[2017.04.24-20.45.47:859][  0]LogEngine: Initializing Engine...
[2017.04.24-20.45.47:860][  0]LogHMD: Failed to initialize OpenVR with code 110
[2017.04.24-20.45.48:401][  0]LogAIModule: Creating AISystem for world Untitled
[2017.04.24-20.45.48:414][  0]LogInit: XAudio2 using 'Speakers (AudioQuest DragonFly)' : 2 channels at 44.1 kHz using 24 bits per sample (channel mask 0x3)
[2017.04.24-20.45.48:439][  0]LogInit: FAudioDevice initialized.
[2017.04.24-20.45.48:475][  0]LogDerivedDataCache: Saved boot cache 0.04s 50MB C:/Users/Chris/AppData/Local/UnrealEngine/4.15/DerivedDataCache/Boot.ddc.
[2017.04.24-20.45.48:540][  0]LogInit: Texture streaming: Enabled
[2017.04.24-20.45.48:738][  0]LogEngineSessionManager: EngineSessionManager initialized
[2017.04.24-20.45.48:899][  0]LogInit: Transaction tracking system initialized
[2017.04.24-20.45.49:494][  0]BlueprintLog: New page: Editor Load
[2017.04.24-20.45.51:034][  0]LocalizationService: Info Localization service is disabled
[2017.04.24-20.45.52:643][  0]LogConsoleResponse:Display: 
[2017.04.24-20.45.53:249][  0]LogCook:Display: Max memory allowance for cook 16384mb min free memory 0mb
[2017.04.24-20.45.53:249][  0]LogCook:Display: Mobile HDR setting 1
[2017.04.24-20.45.53:303][  0]LogFileCache: Scanning file cache for directory 'C:/Users/Chris/Documents/Unreal Projects/MVP_FPS/Content/' took 0.05s
[2017.04.24-20.45.55:480][  0]SourceControl: Info Source control is disabled
[2017.04.24-20.45.55:480][  0]Cmd: MAP LOAD FILE="../../../../../../Users/Chris/Documents/Unreal Projects/MVP_FPS/Content/Maps/FPS_Map.umap" TEMPLATE=0 SHOWPROGRESS=1 FEATURELEVEL=3
[2017.04.24-20.45.55:481][  0]LightingResults: New page: Lighting Build
[2017.04.24-20.45.55:550][  0]MapCheck: New page: Map Check
[2017.04.24-20.45.55:550][  0]LightingResults: New page: Lighting Build
[2017.04.24-20.45.56:442][  0]LogAIModule: Creating AISystem for world FPS_Map
[2017.04.24-20.45.56:610][  0]LogEditorServer: Finished looking for orphan Actors (0.000 secs)
[2017.04.24-20.45.56:635][  0]Cmd: MAP CHECKDEP NOCLEARLOG
[2017.04.24-20.45.56:716][  0]MapCheck: Info Map check complete: 0 Error(s), 0 Warning(s), took 80.288ms to complete.
[2017.04.24-20.45.56:716][  0]LogFileHelpers: Loading map 'FPS_Map' took 1.236
[2017.04.24-20.45.56:827][  0]LogWindowsTextInputMethodSystem:Display: IME system now deactivated.
[2017.04.24-20.45.58:292][  0]LogCollectionManager: Loaded 0 collections in 0.002422 seconds
[2017.04.24-20.45.58:584][  0]LogFileCache: Scanning file cache for directory 'C:/Users/Chris/Documents/Unreal Projects/MVP_FPS/Saved/Collections/' took 0.01s
[2017.04.24-20.45.58:584][  0]LogFileCache: Scanning file cache for directory 'C:/Users/Chris/Documents/Unreal Projects/MVP_FPS/Content/Developers/Chris/Collections/' took 0.01s
[2017.04.24-20.45.58:584][  0]LogFileCache: Scanning file cache for directory 'C:/Users/Chris/Documents/Unreal Projects/MVP_FPS/Content/Collections/' took 0.01s
[2017.04.24-20.45.58:584][  0]LogCollectionManager: Rebuilt the GUID cache for 0 collections in 0.000004 seconds
[2017.04.24-20.45.58:644][  0]LogContentBrowser: Native class hierarchy populated in 0.0424 seconds. Added 2245 classes and 453 folders.
[2017.04.24-20.45.58:748][  0]LogStats: UGameplayTagsManager::ConstructGameplayTagTree: Construct from data asset -  0.000 s
[2017.04.24-20.45.58:748][  0]LogStats: UGameplayTagsManager::ConstructGameplayTagTree: GameplayTagTreeChangedEvent.Broadcast -  0.000 s
[2017.04.24-20.45.58:935][  0]LogContentBrowser: Native class hierarchy updated for 'WidgetCarousel' in 0.0007 seconds. Added 0 classes and 0 folders.
[2017.04.24-20.46.01:251][  0]LogContentBrowser: Native class hierarchy updated for 'AddContentDialog' in 0.0015 seconds. Added 0 classes and 0 folders.
[2017.04.24-20.46.01:430][  0]LogContentBrowser: Native class hierarchy updated for 'SceneOutliner' in 0.0014 seconds. Added 1 classes and 2 folders.
[2017.04.24-20.46.02:157][  0]LogCrashTracker: Crashtracker disabled due to settings.
[2017.04.24-20.46.07:943][  0]LogSlate: Only BGRA pngs, bmps or icos are supported in by External Image Picker
[2017.04.24-20.46.08:271][  0]LogTemp:Display: Executing iPhonePackager certificates Engine -bundlename com.YourCompany.MVPFPS

[2017.04.24-20.46.08:271][  0]LogTemp:Display: CWD: C:\Program Files\Epic Games\UE_4.15\Engine\Binaries\DotNET\IOS

[2017.04.24-20.46.08:271][  0]LogTemp:Display: Initial Dir: C:\Program Files\Epic Games\UE_4.15

[2017.04.24-20.46.08:271][  0]LogTemp:Display: Env CWD: C:\Program Files\Epic Games\UE_4.15\Engine\Binaries\DotNET\IOS

[2017.04.24-20.46.08:271][  0]LogTemp:Display: BranchPath = CHRISLAPTOP/C/Program Files/Epic Games/UE_4.15/Engine/Binaries --- GameBranchPath = CHRISLAPTOP/C/Program Files/Epic Games/UE_4.15/Engine/Binaries

[2017.04.24-20.46.08:271][  0]LogTemp:Display: IPP ERROR: Application exception: System.IO.DirectoryNotFoundException: Could not find a part of the path 'C:\Users\Chris\AppData\Local\Apple Computer\MobileDevice\Provisioning Profiles'.

[2017.04.24-20.46.08:271][  0]LogTemp:Display:    at System.IO.__Error.WinIOError(Int32 errorCode, String maybeFullPath)

[2017.04.24-20.46.08:271][  0]LogTemp:Display:    at System.IO.FileSystemEnumerableIterator`1.CommonInit()

[2017.04.24-20.46.08:271][  0]LogTemp:Display:    at System.IO.Directory.EnumerateFiles(String path, String searchPattern)

[2017.04.24-20.46.08:271][  0]LogTemp:Display:    at iPhonePackager.CodeSignatureBuilder.FindProvisions(String CFBundleIdentifier)

[2017.04.24-20.46.08:271][  0]LogTemp:Display:    at iPhonePackager.Program.Main(String[] args)

[2017.04.24-20.46.08:271][  0]LogUObjectGlobals:Warning: Failed to find object 'Class None.'
[2017.04.24-20.46.08:410][  0]LogContentBrowser: Native class hierarchy updated for 'HierarchicalLODOutliner' in 0.0010 seconds. Added 1 classes and 2 folders.
[2017.04.24-20.46.08:411][  0]LogLoad: (Engine Initialization) Total time: 107.43 seconds
[2017.04.24-20.46.08:411][  0]LogLoad: (Engine Initialization) Total Blueprint compile time: 0.46 seconds
[2017.04.24-20.46.08:411][  0]LogExternalProfiler: Found external profiler: VSPerf
[2017.04.24-20.46.08:411][  0]LogExternalProfiler: Using external profiler: VSPerf
[2017.04.24-20.46.08:421][  0]LogOcInput: OculusInput pre-init called
[2017.04.24-20.46.08:643][  0]LogContentStreaming: Texture pool size now 400 MB
[2017.04.24-20.46.08:686][  0]LogSlate: Took 0.040426 seconds to synchronously load lazily loaded font '../../../Engine/Content/Slate/Fonts/Roboto-Regular.ttf' (155K)
[2017.04.24-20.46.08:721][  0]LogSlate: Took 0.024153 seconds to synchronously load lazily loaded font '../../../Engine/Content/Slate/Fonts/Roboto-Bold.ttf' (160K)
[2017.04.24-20.46.08:841][  0]LogSlate: Took 0.024564 seconds to synchronously load lazily loaded font '../../../Engine/Content/Editor/Slate/Fonts/FontAwesome.ttf' (139K)
[2017.04.24-20.46.10:148][  0]LogRenderer: Reallocating scene render targets to support 756x380 NumSamples 1 (Frame:2).
[2017.04.24-20.46.10:148][  0]LogSlate: Took 0.043012 seconds to synchronously load lazily loaded font '../../../Engine/Content/Slate/Fonts/Roboto-Light.ttf' (159K)
[2017.04.24-20.46.12:053][  2]LogAssetRegistry: Asset discovery search completed in 55.2538 seconds
[2017.04.24-20.46.12:054][  2]LogCollectionManager: Rebuilt the object cache for 0 collections in 0.000018 seconds (found 0 objects)
[2017.04.24-20.46.12:054][  2]LogCollectionManager: Fixed up redirectors for 0 collections in 0.000044 seconds (updated 0 objects)
[2017.04.24-20.46.12:092][  2]LogSlate: Took 0.011005 seconds to synchronously load lazily loaded font '../../../Engine/Content/Slate/Fonts/Roboto-Light.ttf' (159K)
[2017.04.24-20.46.21:575][369]LogRenderer: Reallocating scene render targets to support 924x456 NumSamples 1 (Frame:527).
[2017.04.24-20.48.10:055][896]LogTemp: Repeting last play command: Selected Viewport
[2017.04.24-20.48.10:177][896]LogPlayLevel: PlayLevel: No blueprints needed recompiling
[2017.04.24-20.48.10:269][896]PIE: New page: PIE session: FPS_Map (Apr 24, 2017, 12:48:10 PM)
[2017.04.24-20.48.10:301][896]LogPlayLevel: Creating play world package: /Game/Maps/UEDPIE_0_FPS_Map
[2017.04.24-20.48.10:411][896]LogPlayLevel: PIE: StaticDuplicateObject took: (0.109154s)
[2017.04.24-20.48.10:413][896]LogAIModule: Creating AISystem for world FPS_Map
[2017.04.24-20.48.10:413][896]LogPlayLevel: PIE: World Init took: (0.002535s)
[2017.04.24-20.48.10:427][896]LogPlayLevel: PIE: Created PIE world by copying editor world from /Game/Maps/FPS_Map.FPS_Map to /Game/Maps/UEDPIE_0_FPS_Map.FPS_Map (0.136032s)
[2017.04.24-20.48.10:550][896]LogInit: XAudio2 using 'Speakers (AudioQuest DragonFly)' : 2 channels at 44.1 kHz using 24 bits per sample (channel mask 0x3)
[2017.04.24-20.48.10:561][896]LogInit: FAudioDevice initialized.
[2017.04.24-20.48.11:778][896]LogLoad: Game class is 'FPS_Gamemode_C'
[2017.04.24-20.48.11:932][896]LogWorld: Bringing World /Game/Maps/UEDPIE_0_FPS_Map.FPS_Map up for play (max tick rate 0) at 2017.04.24-16.48.11
[2017.04.24-20.48.11:993][896]LogWorld: Bringing up level for play took: 0.063541
[2017.04.24-20.48.12:431][896]LogContentBrowser: Native class hierarchy updated for 'MovieSceneCapture' in 0.0010 seconds. Added 11 classes and 0 folders.
[2017.04.24-20.48.12:750][896]PIE: Info Play in editor start time for /Game/Maps/UEDPIE_0_FPS_Map 3.58
[2017.04.24-20.49.15:237][705]LogSlate: Took 0.013524 seconds to synchronously load lazily loaded font '../../../Engine/Content/Slate/Fonts/Roboto-Light.ttf' (159K)
[2017.04.24-20.49.16:123][705]LogSlate: Took 0.017190 seconds to synchronously load lazily loaded font '../../../Engine/Content/Slate/Fonts/Roboto-Regular.ttf' (155K)
[2017.04.24-20.49.17:203][705]LogContentBrowser: Native class hierarchy updated for 'BlueprintGraph' in 0.0013 seconds. Added 112 classes and 0 folders.
[2017.04.24-20.49.20:769][705]LogSlate: Took 0.028199 seconds to synchronously load lazily loaded font '../../../Engine/Content/Editor/Slate/Fonts/Roboto-BoldCondensed.ttf' (158K)
[2017.04.24-20.49.21:832][706]LogSlate: Took 0.016337 seconds to synchronously load lazily loaded font '../../../Engine/Content/Editor/Slate/Fonts/Roboto-Italic.ttf' (157K)
[2017.04.24-20.52.52:808][115]LogTemp: Repeting last play command: Selected Viewport
[2017.04.24-20.52.52:847][115]LogPlayLevel: PlayLevel: No blueprints needed recompiling
[2017.04.24-20.52.52:847][115]PIE: New page: PIE session: FPS_Map (Apr 24, 2017, 12:52:52 PM)
[2017.04.24-20.52.52:847][115]LogPlayLevel: Creating play world package: /Game/Maps/UEDPIE_0_FPS_Map
[2017.04.24-20.52.52:852][115]LogPlayLevel: PIE: StaticDuplicateObject took: (0.004305s)
[2017.04.24-20.52.52:853][115]LogAIModule: Creating AISystem for world FPS_Map
[2017.04.24-20.52.52:853][115]LogPlayLevel: PIE: World Init took: (0.001640s)
[2017.04.24-20.52.52:854][115]LogPlayLevel: PIE: Created PIE world by copying editor world from /Game/Maps/FPS_Map.FPS_Map to /Game/Maps/UEDPIE_0_FPS_Map.FPS_Map (0.006370s)
[2017.04.24-20.52.52:950][115]LogInit: XAudio2 using 'Speakers (AudioQuest DragonFly)' : 2 channels at 44.1 kHz using 24 bits per sample (channel mask 0x3)
[2017.04.24-20.52.52:961][115]LogInit: FAudioDevice initialized.
[2017.04.24-20.52.53:046][115]LogLoad: Game class is 'FPS_Gamemode_C'
[2017.04.24-20.52.53:050][115]LogWorld: Bringing World /Game/Maps/UEDPIE_0_FPS_Map.FPS_Map up for play (max tick rate 0) at 2017.04.24-16.52.53
[2017.04.24-20.52.53:050][115]LogWorld: Bringing up level for play took: 0.002789
[2017.04.24-20.52.53:064][115]LogBlueprintDebug:Warning: Hit breakpoint on node 'CallFunc_SetMaterial', from offset 760
[2017.04.24-20.52.53:064][115]LogBlueprintDebug: 
Script call stack:
	Function /Game/Target/Target_BP.Target_BP_C:ReceiveBeginPlay
	Function /Game/Target/Target_BP.Target_BP_C:ExecuteUbergraph_Target_BP

[2017.04.24-20.52.53:687][115]LogScriptCore:Warning: Cannot call UnrealScript (HUD /Game/Maps/UEDPIE_0_FPS_Map.FPS_Map:PersistentLevel.HUD_0 - Function /Script/Engine.HUD:ReceiveDrawHUD) while stopped at a breakpoint.
[2017.04.24-20.54.29:105][115]PIE: Info Play in editor start time for /Game/Maps/UEDPIE_0_FPS_Map 95.936
[2017.04.24-20.54.44:161][205]LogTemp: Repeting last play command: Selected Viewport
[2017.04.24-20.54.44:184][205]LogPlayLevel: PlayLevel: No blueprints needed recompiling
[2017.04.24-20.54.44:185][205]PIE: New page: PIE session: FPS_Map (Apr 24, 2017, 12:54:44 PM)
[2017.04.24-20.54.44:185][205]LogPlayLevel: Creating play world package: /Game/Maps/UEDPIE_0_FPS_Map
[2017.04.24-20.54.44:189][205]LogPlayLevel: PIE: StaticDuplicateObject took: (0.004549s)
[2017.04.24-20.54.44:190][205]LogAIModule: Creating AISystem for world FPS_Map
[2017.04.24-20.54.44:191][205]LogPlayLevel: PIE: World Init took: (0.001378s)
[2017.04.24-20.54.44:191][205]LogPlayLevel: PIE: Created PIE world by copying editor world from /Game/Maps/FPS_Map.FPS_Map to /Game/Maps/UEDPIE_0_FPS_Map.FPS_Map (0.006243s)
[2017.04.24-20.54.44:248][205]LogInit: XAudio2 using 'Speakers (AudioQuest DragonFly)' : 2 channels at 44.1 kHz using 24 bits per sample (channel mask 0x3)
[2017.04.24-20.54.44:258][205]LogInit: FAudioDevice initialized.
[2017.04.24-20.54.44:300][205]LogLoad: Game class is 'FPS_Gamemode_C'
[2017.04.24-20.54.44:302][205]LogWorld: Bringing World /Game/Maps/UEDPIE_0_FPS_Map.FPS_Map up for play (max tick rate 0) at 2017.04.24-16.54.44
[2017.04.24-20.54.44:303][205]LogWorld: Bringing up level for play took: 0.002670
[2017.04.24-20.54.44:308][205]LogBlueprintDebug:Warning: Hit breakpoint on node 'CallFunc_SetMaterial', from offset 760
[2017.04.24-20.54.44:308][205]LogBlueprintDebug: 
Script call stack:
	Function /Game/Target/Target_BP.Target_BP_C:ReceiveBeginPlay
	Function /Game/Target/Target_BP.Target_BP_C:ExecuteUbergraph_Target_BP

[2017.04.24-20.54.44:500][205]LogScriptCore:Warning: Cannot call UnrealScript (HUD /Game/Maps/UEDPIE_0_FPS_Map.FPS_Map:PersistentLevel.HUD_0 - Function /Script/Engine.HUD:ReceiveDrawHUD) while stopped at a breakpoint.
[2017.04.24-20.58.39:974][205]LogRenderer: Reallocating scene render targets to support 1008x568 NumSamples 1 (Frame:6512).
[2017.04.24-20.58.56:630][205]PIE: Info Play in editor start time for /Game/Maps/UEDPIE_0_FPS_Map 251.46
[2017.04.24-21.02.38:273][781]LogEditorTransaction: Undo Move Node
[2017.04.24-21.02.38:795][790]LogEditorTransaction: Undo Move Node
[2017.04.24-21.02.39:392][826]LogEditorTransaction: Undo Move Nodes
[2017.04.24-21.03.48:832][171]LogTemp: Repeting last play command: Selected Viewport
[2017.04.24-21.03.48:879][171]BlueprintLog: New page: Pre-Play auto-recompile
[2017.04.24-21.03.48:879][171]LogPlayLevel: [PlayLevel] Compiling Target_BP before play...
[2017.04.24-21.03.49:468][171]LogPlayLevel: PlayLevel: Blueprint regeneration took 590 ms (1 blueprints)
[2017.04.24-21.03.49:469][171]PIE: New page: PIE session: FPS_Map (Apr 24, 2017, 1:03:49 PM)
[2017.04.24-21.03.49:469][171]LogPlayLevel: Creating play world package: /Game/Maps/UEDPIE_0_FPS_Map
[2017.04.24-21.03.49:473][171]LogPlayLevel: PIE: StaticDuplicateObject took: (0.004148s)
[2017.04.24-21.03.49:474][171]LogAIModule: Creating AISystem for world FPS_Map
[2017.04.24-21.03.49:474][171]LogPlayLevel: PIE: World Init took: (0.001110s)
[2017.04.24-21.03.49:474][171]LogPlayLevel: PIE: Created PIE world by copying editor world from /Game/Maps/FPS_Map.FPS_Map to /Game/Maps/UEDPIE_0_FPS_Map.FPS_Map (0.005557s)
[2017.04.24-21.03.49:527][171]LogInit: XAudio2 using 'Speakers (AudioQuest DragonFly)' : 2 channels at 44.1 kHz using 24 bits per sample (channel mask 0x3)
[2017.04.24-21.03.49:539][171]LogInit: FAudioDevice initialized.
[2017.04.24-21.03.49:575][171]LogLoad: Game class is 'FPS_Gamemode_C'
[2017.04.24-21.03.49:578][171]LogWorld: Bringing World /Game/Maps/UEDPIE_0_FPS_Map.FPS_Map up for play (max tick rate 0) at 2017.04.24-17.03.49
[2017.04.24-21.03.49:578][171]LogWorld: Bringing up level for play took: 0.002287
[2017.04.24-21.03.49:582][171]LogBlueprintDebug:Warning: Hit breakpoint on node 'CallFunc_SetMaterial', from offset 760
[2017.04.24-21.03.49:582][171]LogBlueprintDebug: 
Script call stack:
	Function /Game/Target/Target_BP.Target_BP_C:ReceiveBeginPlay
	Function /Game/Target/Target_BP.Target_BP_C:ExecuteUbergraph_Target_BP

[2017.04.24-21.03.53:112][171]PIE: Info Play in editor start time for /Game/Maps/UEDPIE_0_FPS_Map 3.943
[2017.04.24-21.03.54:721][218]LogTemp: Repeting last play command: Selected Viewport
[2017.04.24-21.03.54:749][218]LogPlayLevel: PlayLevel: No blueprints needed recompiling
[2017.04.24-21.03.54:750][218]PIE: New page: PIE session: FPS_Map (Apr 24, 2017, 1:03:54 PM)
[2017.04.24-21.03.54:750][218]LogPlayLevel: Creating play world package: /Game/Maps/UEDPIE_0_FPS_Map
[2017.04.24-21.03.54:754][218]LogPlayLevel: PIE: StaticDuplicateObject took: (0.004358s)
[2017.04.24-21.03.54:755][218]LogAIModule: Creating AISystem for world FPS_Map
[2017.04.24-21.03.54:755][218]LogPlayLevel: PIE: World Init took: (0.001262s)
[2017.04.24-21.03.54:756][218]LogPlayLevel: PIE: Created PIE world by copying editor world from /Game/Maps/FPS_Map.FPS_Map to /Game/Maps/UEDPIE_0_FPS_Map.FPS_Map (0.005973s)
[2017.04.24-21.03.54:819][218]LogInit: XAudio2 using 'Speakers (AudioQuest DragonFly)' : 2 channels at 44.1 kHz using 24 bits per sample (channel mask 0x3)
[2017.04.24-21.03.54:829][218]LogInit: FAudioDevice initialized.
[2017.04.24-21.03.54:868][218]LogLoad: Game class is 'FPS_Gamemode_C'
[2017.04.24-21.03.54:870][218]LogWorld: Bringing World /Game/Maps/UEDPIE_0_FPS_Map.FPS_Map up for play (max tick rate 0) at 2017.04.24-17.03.54
[2017.04.24-21.03.54:871][218]LogWorld: Bringing up level for play took: 0.002126
[2017.04.24-21.03.54:875][218]PIE: Info Play in editor start time for /Game/Maps/UEDPIE_0_FPS_Map -0.295
[2017.04.24-21.04.42:136][198]LogSavePackage: Save=230.17ms
[2017.04.24-21.04.42:136][198]LogSavePackage: Moving '../../../../../../Users/Chris/Documents/Unreal Projects/MVP_FPS/Saved/FPS_Map_Auto124A53D6A4F29E33A197F4EB40C6FA92F.tmp' to '../../../../../../Users/Chris/Documents/Unreal Projects/MVP_FPS/Saved/Autosaves/Game/Maps/FPS_Map_Auto1.umap'
[2017.04.24-21.04.42:157][198]LogSavePackage:Display: Finished SavePackage ../../../../../../Users/Chris/Documents/Unreal Projects/MVP_FPS/Saved/Autosaves/Game/Maps/FPS_Map_Auto1.umap
[2017.04.24-21.04.42:223][198]LogFileHelpers: Editor autosave (incl. sublevels) for '/Game/Maps/FPS_Map' took 1.128
[2017.04.24-21.04.42:223][198]LogFileHelpers: Editor autosave (incl. sublevels) for all levels took 1.128
[2017.04.24-21.04.42:244][198]OBJ SavePackage: Generating thumbnails for [1] asset(s) in package [/Game/Target/Target_BP] ([1] browsable assets)...
[2017.04.24-21.04.42:344][198]OBJ SavePackage:     Rendered thumbnail for [Blueprint /Game/Target/Target_BP.Target_BP]
[2017.04.24-21.04.42:344][198]OBJ SavePackage: Finished generating thumbnails for package [/Game/Target/Target_BP]
[2017.04.24-21.04.42:344][198]Cmd: OBJ SAVEPACKAGE PACKAGE="/Game/Target/Target_BP" FILE="../../../../../../Users/Chris/Documents/Unreal Projects/MVP_FPS/Saved/Autosaves/Game/Target/Target_BP_Auto1.uasset" SILENT=false AUTOSAVING=true
[2017.04.24-21.04.42:458][198]LogSavePackage: Save=96.31ms
[2017.04.24-21.04.42:458][198]LogSavePackage: Moving '../../../../../../Users/Chris/Documents/Unreal Projects/MVP_FPS/Saved/Target_BP_Auto1063C1BF2407EFF052D08199EA7BB8D35.tmp' to '../../../../../../Users/Chris/Documents/Unreal Projects/MVP_FPS/Saved/Autosaves/Game/Target/Target_BP_Auto1.uasset'
[2017.04.24-21.04.42:460][198]LogSavePackage:Display: Finished SavePackage ../../../../../../Users/Chris/Documents/Unreal Projects/MVP_FPS/Saved/Autosaves/Game/Target/Target_BP_Auto1.uasset
[2017.04.24-21.04.42:460][198]LogFileHelpers: Auto-saving content packages took 0.235
[2017.04.24-21.05.13:833][883]BlueprintLog: New page: Compile Target_BP
[2017.04.24-21.05.15:118][952]Cmd: OBJ SAVEPACKAGE PACKAGE="/Game/Target/Target_BP" FILE="../../../../../../Users/Chris/Documents/Unreal Projects/MVP_FPS/Content/Target/Target_BP.uasset" SILENT=true
[2017.04.24-21.05.15:211][952]LogSavePackage: Save=69.44ms
[2017.04.24-21.05.15:211][952]LogSavePackage: Moving '../../../../../../Users/Chris/Documents/Unreal Projects/MVP_FPS/Saved/Target_BP0BA2158F45D56D3D249734B4B36827EE.tmp' to '../../../../../../Users/Chris/Documents/Unreal Projects/MVP_FPS/Content/Target/Target_BP.uasset'
[2017.04.24-21.05.15:243][952]LogSavePackage:Display: Finished SavePackage ../../../../../../Users/Chris/Documents/Unreal Projects/MVP_FPS/Content/Target/Target_BP.uasset
[2017.04.24-21.05.17:099][ 44]LogTemp: Repeting last play command: Selected Viewport
[2017.04.24-21.05.17:134][ 44]LogPlayLevel: PlayLevel: No blueprints needed recompiling
[2017.04.24-21.05.17:135][ 44]PIE: New page: PIE session: FPS_Map (Apr 24, 2017, 1:05:17 PM)
[2017.04.24-21.05.17:135][ 44]LogPlayLevel: Creating play world package: /Game/Maps/UEDPIE_0_FPS_Map
[2017.04.24-21.05.17:141][ 44]LogPlayLevel: PIE: StaticDuplicateObject took: (0.006125s)
[2017.04.24-21.05.17:143][ 44]LogAIModule: Creating AISystem for world FPS_Map
[2017.04.24-21.05.17:143][ 44]LogPlayLevel: PIE: World Init took: (0.001634s)
[2017.04.24-21.05.17:143][ 44]LogPlayLevel: PIE: Created PIE world by copying editor world from /Game/Maps/FPS_Map.FPS_Map to /Game/Maps/UEDPIE_0_FPS_Map.FPS_Map (0.008157s)
[2017.04.24-21.05.17:217][ 44]LogInit: XAudio2 using 'Speakers (AudioQuest DragonFly)' : 2 channels at 44.1 kHz using 24 bits per sample (channel mask 0x3)
[2017.04.24-21.05.17:239][ 44]LogInit: FAudioDevice initialized.
[2017.04.24-21.05.17:283][ 44]LogLoad: Game class is 'FPS_Gamemode_C'
[2017.04.24-21.05.17:289][ 44]LogWorld: Bringing World /Game/Maps/UEDPIE_0_FPS_Map.FPS_Map up for play (max tick rate 0) at 2017.04.24-17.05.17
[2017.04.24-21.05.17:289][ 44]LogWorld: Bringing up level for play took: 0.004420
[2017.04.24-21.05.17:321][ 44]PIE: Info Play in editor start time for /Game/Maps/UEDPIE_0_FPS_Map 0.151
[2017.04.24-21.05.24:771][380]Cmd: OBJ SAVEPACKAGE PACKAGE="/Game/Maps/FPS_Map" FILE="../../../../../../Users/Chris/Documents/Unreal Projects/MVP_FPS/Content/Maps/FPS_Map.umap" SILENT=true AUTOSAVING=false KEEPDIRTY=false
[2017.04.24-21.05.24:898][380]LogSavePackage: Save=68.35ms
[2017.04.24-21.05.24:898][380]LogSavePackage: Moving '../../../../../../Users/Chris/Documents/Unreal Projects/MVP_FPS/Saved/FPS_MapC6FC64974C00E9766FB043A771E9D815.tmp' to '../../../../../../Users/Chris/Documents/Unreal Projects/MVP_FPS/Content/Maps/FPS_Map.umap'
[2017.04.24-21.05.24:906][380]LogSavePackage:Display: Finished SavePackage ../../../../../../Users/Chris/Documents/Unreal Projects/MVP_FPS/Content/Maps/FPS_Map.umap
[2017.04.24-21.05.26:182][422]LogTemp: Repeting last play command: Selected Viewport
[2017.04.24-21.05.26:217][422]LogPlayLevel: PlayLevel: No blueprints needed recompiling
[2017.04.24-21.05.26:218][422]PIE: New page: PIE session: FPS_Map (Apr 24, 2017, 1:05:26 PM)
[2017.04.24-21.05.26:218][422]LogPlayLevel: Creating play world package: /Game/Maps/UEDPIE_0_FPS_Map
[2017.04.24-21.05.26:224][422]LogPlayLevel: PIE: StaticDuplicateObject took: (0.005691s)
[2017.04.24-21.05.26:225][422]LogAIModule: Creating AISystem for world FPS_Map
[2017.04.24-21.05.26:225][422]LogPlayLevel: PIE: World Init took: (0.001196s)
[2017.04.24-21.05.26:225][422]LogPlayLevel: PIE: Created PIE world by copying editor world from /Game/Maps/FPS_Map.FPS_Map to /Game/Maps/UEDPIE_0_FPS_Map.FPS_Map (0.007207s)
[2017.04.24-21.05.26:282][422]LogInit: XAudio2 using 'Speakers (AudioQuest DragonFly)' : 2 channels at 44.1 kHz using 24 bits per sample (channel mask 0x3)
[2017.04.24-21.05.26:292][422]LogInit: FAudioDevice initialized.
[2017.04.24-21.05.26:328][422]LogLoad: Game class is 'FPS_Gamemode_C'
[2017.04.24-21.05.26:331][422]LogWorld: Bringing World /Game/Maps/UEDPIE_0_FPS_Map.FPS_Map up for play (max tick rate 0) at 2017.04.24-17.05.26
[2017.04.24-21.05.26:331][422]LogWorld: Bringing up level for play took: 0.001770
[2017.04.24-21.05.26:334][422]PIE: Info Play in editor start time for /Game/Maps/UEDPIE_0_FPS_Map -0.835
[2017.04.24-21.06.22:775][188]LogEditorViewport: Clicking on Actor (LMB): StaticMeshActor (Cube)
[2017.04.24-21.06.36:721][313]BlueprintLog: New page: Compile Target_BP
[2017.04.24-21.06.37:400][347]Cmd: OBJ SAVEPACKAGE PACKAGE="/Game/Target/Target_BP" FILE="../../../../../../Users/Chris/Documents/Unreal Projects/MVP_FPS/Content/Target/Target_BP.uasset" SILENT=true
[2017.04.24-21.06.37:496][347]LogSavePackage: Save=84.86ms
[2017.04.24-21.06.37:496][347]LogSavePackage: Moving '../../../../../../Users/Chris/Documents/Unreal Projects/MVP_FPS/Saved/Target_BPA53621784977076A2EE61B9B30539C4B.tmp' to '../../../../../../Users/Chris/Documents/Unreal Projects/MVP_FPS/Content/Target/Target_BP.uasset'
[2017.04.24-21.06.37:505][347]LogSavePackage:Display: Finished SavePackage ../../../../../../Users/Chris/Documents/Unreal Projects/MVP_FPS/Content/Target/Target_BP.uasset
[2017.04.24-21.06.58:497][691]LogScript:Warning: Accessed None trying to read property CallFunc_K2_GetPawn_ReturnValue2
	FPS_Controller_C /Engine/Transient.World_6:PersistentLevel.FPS_Controller_C_0
	Function /Game/Character/FPS_Controller.FPS_Controller_C:ExecuteUbergraph_FPS_Controller:02E8
[2017.04.24-21.06.58:511][691]LogScript:Warning: Accessed None trying to read property CallFunc_K2_GetPawn_ReturnValue
	FPS_Controller_C /Engine/Transient.World_6:PersistentLevel.FPS_Controller_C_0
	Function /Game/Character/FPS_Controller.FPS_Controller_C:ExecuteUbergraph_FPS_Controller:017B
[2017.04.24-21.06.58:751][692]LogScript:Warning: Accessed None trying to read property CallFunc_K2_GetPawn_ReturnValue2
	FPS_Controller_C /Engine/Transient.World_6:PersistentLevel.FPS_Controller_C_0
	Function /Game/Character/FPS_Controller.FPS_Controller_C:ExecuteUbergraph_FPS_Controller:02E8
[2017.04.24-21.06.58:751][692]LogScript:Warning: Accessed None trying to read property CallFunc_K2_GetPawn_ReturnValue
	FPS_Controller_C /Engine/Transient.World_6:PersistentLevel.FPS_Controller_C_0
	Function /Game/Character/FPS_Controller.FPS_Controller_C:ExecuteUbergraph_FPS_Controller:017B
[2017.04.24-21.06.58:831][693]LogScript:Warning: Accessed None trying to read property CallFunc_K2_GetPawn_ReturnValue2
	FPS_Controller_C /Engine/Transient.World_6:PersistentLevel.FPS_Controller_C_0
	Function /Game/Character/FPS_Controller.FPS_Controller_C:ExecuteUbergraph_FPS_Controller:02E8
[2017.04.24-21.06.58:831][693]LogScript:Warning: Accessed None trying to read property CallFunc_K2_GetPawn_ReturnValue
	FPS_Controller_C /Engine/Transient.World_6:PersistentLevel.FPS_Controller_C_0
	Function /Game/Character/FPS_Controller.FPS_Controller_C:ExecuteUbergraph_FPS_Controller:017B
[2017.04.24-21.06.58:843][694]LogScript:Warning: Accessed None trying to read property CallFunc_K2_GetPawn_ReturnValue2
	FPS_Controller_C /Engine/Transient.World_6:PersistentLevel.FPS_Controller_C_0
	Function /Game/Character/FPS_Controller.FPS_Controller_C:ExecuteUbergraph_FPS_Controller:02E8
[2017.04.24-21.06.58:843][694]LogScript:Warning: Accessed None trying to read property CallFunc_K2_GetPawn_ReturnValue
	FPS_Controller_C /Engine/Transient.World_6:PersistentLevel.FPS_Controller_C_0
	Function /Game/Character/FPS_Controller.FPS_Controller_C:ExecuteUbergraph_FPS_Controller:017B
[2017.04.24-21.06.58:855][695]LogScript:Warning: Accessed None trying to read property CallFunc_K2_GetPawn_ReturnValue2
	FPS_Controller_C /Engine/Transient.World_6:PersistentLevel.FPS_Controller_C_0
	Function /Game/Character/FPS_Controller.FPS_Controller_C:ExecuteUbergraph_FPS_Controller:02E8
[2017.04.24-21.06.58:856][695]LogScript:Warning: Accessed None trying to read property CallFunc_K2_GetPawn_ReturnValue
	FPS_Controller_C /Engine/Transient.World_6:PersistentLevel.FPS_Controller_C_0
	Function /Game/Character/FPS_Controller.FPS_Controller_C:ExecuteUbergraph_FPS_Controller:017B
[2017.04.24-21.06.58:869][696]LogScript:Warning: Accessed None trying to read property CallFunc_K2_GetPawn_ReturnValue2
	FPS_Controller_C /Engine/Transient.World_6:PersistentLevel.FPS_Controller_C_0
	Function /Game/Character/FPS_Controller.FPS_Controller_C:ExecuteUbergraph_FPS_Controller:02E8
[2017.04.24-21.06.58:869][696]LogScript:Warning: Accessed None trying to read property CallFunc_K2_GetPawn_ReturnValue
	FPS_Controller_C /Engine/Transient.World_6:PersistentLevel.FPS_Controller_C_0
	Function /Game/Character/FPS_Controller.FPS_Controller_C:ExecuteUbergraph_FPS_Controller:017B
[2017.04.24-21.06.58:881][697]LogScript:Warning: Accessed None trying to read property CallFunc_K2_GetPawn_ReturnValue2
	FPS_Controller_C /Engine/Transient.World_6:PersistentLevel.FPS_Controller_C_0
	Function /Game/Character/FPS_Controller.FPS_Controller_C:ExecuteUbergraph_FPS_Controller:02E8
[2017.04.24-21.06.58:881][697]LogScript:Warning: Accessed None trying to read property CallFunc_K2_GetPawn_ReturnValue
	FPS_Controller_C /Engine/Transient.World_6:PersistentLevel.FPS_Controller_C_0
	Function /Game/Character/FPS_Controller.FPS_Controller_C:ExecuteUbergraph_FPS_Controller:017B
[2017.04.24-21.06.58:893][698]LogScript:Warning: Accessed None trying to read property CallFunc_K2_GetPawn_ReturnValue2
	FPS_Controller_C /Engine/Transient.World_6:PersistentLevel.FPS_Controller_C_0
	Function /Game/Character/FPS_Controller.FPS_Controller_C:ExecuteUbergraph_FPS_Controller:02E8
[2017.04.24-21.06.58:893][698]LogScript:Warning: Accessed None trying to read property CallFunc_K2_GetPawn_ReturnValue
	FPS_Controller_C /Engine/Transient.World_6:PersistentLevel.FPS_Controller_C_0
	Function /Game/Character/FPS_Controller.FPS_Controller_C:ExecuteUbergraph_FPS_Controller:017B
[2017.04.24-21.06.58:906][699]LogScript:Warning: Accessed None trying to read property CallFunc_K2_GetPawn_ReturnValue2
	FPS_Controller_C /Engine/Transient.World_6:PersistentLevel.FPS_Controller_C_0
	Function /Game/Character/FPS_Controller.FPS_Controller_C:ExecuteUbergraph_FPS_Controller:02E8
[2017.04.24-21.11.14:818][687]BlueprintLog: New page: Compile Target_BP
[2017.04.24-21.11.15:575][721]Cmd: OBJ SAVEPACKAGE PACKAGE="/Game/Target/Target_BP" FILE="../../../../../../Users/Chris/Documents/Unreal Projects/MVP_FPS/Content/Target/Target_BP.uasset" SILENT=true
[2017.04.24-21.11.15:742][721]LogSavePackage: Save=135.58ms
[2017.04.24-21.11.15:744][721]LogSavePackage: Moving '../../../../../../Users/Chris/Documents/Unreal Projects/MVP_FPS/Saved/Target_BPC94DBB4A44E2E9831B8FA685F4ABE3EE.tmp' to '../../../../../../Users/Chris/Documents/Unreal Projects/MVP_FPS/Content/Target/Target_BP.uasset'
[2017.04.24-21.11.15:757][721]LogSavePackage:Display: Finished SavePackage ../../../../../../Users/Chris/Documents/Unreal Projects/MVP_FPS/Content/Target/Target_BP.uasset
[2017.04.24-21.11.20:477][ 30]Cmd: OBJ SAVEPACKAGE PACKAGE="/Game/Maps/FPS_Map" FILE="../../../../../../Users/Chris/Documents/Unreal Projects/MVP_FPS/Content/Maps/FPS_Map.umap" SILENT=true AUTOSAVING=false KEEPDIRTY=false
[2017.04.24-21.11.20:604][ 30]LogSavePackage: Save=60.71ms
[2017.04.24-21.11.20:604][ 30]LogSavePackage: Moving '../../../../../../Users/Chris/Documents/Unreal Projects/MVP_FPS/Saved/FPS_MapBA23D0E7414871981B1BBC9534129364.tmp' to '../../../../../../Users/Chris/Documents/Unreal Projects/MVP_FPS/Content/Maps/FPS_Map.umap'
[2017.04.24-21.11.20:609][ 30]LogSavePackage:Display: Finished SavePackage ../../../../../../Users/Chris/Documents/Unreal Projects/MVP_FPS/Content/Maps/FPS_Map.umap
[2017.04.24-21.11.21:694][ 63]LogTemp: Repeting last play command: Selected Viewport
[2017.04.24-21.11.21:741][ 63]LogPlayLevel: PlayLevel: No blueprints needed recompiling
[2017.04.24-21.11.21:741][ 63]PIE: New page: PIE session: FPS_Map (Apr 24, 2017, 1:11:21 PM)
[2017.04.24-21.11.21:741][ 63]LogPlayLevel: Creating play world package: /Game/Maps/UEDPIE_0_FPS_Map
[2017.04.24-21.11.21:747][ 63]LogPlayLevel: PIE: StaticDuplicateObject took: (0.005085s)
[2017.04.24-21.11.21:748][ 63]LogAIModule: Creating AISystem for world FPS_Map
[2017.04.24-21.11.21:749][ 63]LogPlayLevel: PIE: World Init took: (0.001850s)
[2017.04.24-21.11.21:749][ 63]LogPlayLevel: PIE: Created PIE world by copying editor world from /Game/Maps/FPS_Map.FPS_Map to /Game/Maps/UEDPIE_0_FPS_Map.FPS_Map (0.007404s)
[2017.04.24-21.11.21:909][ 63]LogInit: XAudio2 using 'Speakers (AudioQuest DragonFly)' : 2 channels at 44.1 kHz using 24 bits per sample (channel mask 0x3)
[2017.04.24-21.11.21:926][ 63]LogInit: FAudioDevice initialized.
[2017.04.24-21.11.21:965][ 63]LogLoad: Game class is 'FPS_Gamemode_C'
[2017.04.24-21.11.21:969][ 63]LogWorld: Bringing World /Game/Maps/UEDPIE_0_FPS_Map.FPS_Map up for play (max tick rate 0) at 2017.04.24-17.11.21
[2017.04.24-21.11.21:970][ 63]LogWorld: Bringing up level for play took: 0.003345
[2017.04.24-21.11.21:976][ 63]PIE: Info Play in editor start time for /Game/Maps/UEDPIE_0_FPS_Map 0.806
[2017.04.24-21.11.46:466][888]LogTemp: Repeting last play command: Selected Viewport
[2017.04.24-21.11.46:501][888]LogPlayLevel: PlayLevel: No blueprints needed recompiling
[2017.04.24-21.11.46:502][888]PIE: New page: PIE session: FPS_Map (Apr 24, 2017, 1:11:46 PM)
[2017.04.24-21.11.46:502][888]LogPlayLevel: Creating play world package: /Game/Maps/UEDPIE_0_FPS_Map
[2017.04.24-21.11.46:506][888]LogPlayLevel: PIE: StaticDuplicateObject took: (0.003947s)
[2017.04.24-21.11.46:507][888]LogAIModule: Creating AISystem for world FPS_Map
[2017.04.24-21.11.46:507][888]LogPlayLevel: PIE: World Init took: (0.001165s)
[2017.04.24-21.11.46:507][888]LogPlayLevel: PIE: Created PIE world by copying editor world from /Game/Maps/FPS_Map.FPS_Map to /Game/Maps/UEDPIE_0_FPS_Map.FPS_Map (0.005419s)
[2017.04.24-21.11.46:600][888]LogInit: XAudio2 using 'Speakers (AudioQuest DragonFly)' : 2 channels at 44.1 kHz using 24 bits per sample (channel mask 0x3)
[2017.04.24-21.11.46:614][888]LogInit: FAudioDevice initialized.
[2017.04.24-21.11.46:665][888]LogLoad: Game class is 'FPS_Gamemode_C'
[2017.04.24-21.11.46:668][888]LogWorld: Bringing World /Game/Maps/UEDPIE_0_FPS_Map.FPS_Map up for play (max tick rate 0) at 2017.04.24-17.11.46
[2017.04.24-21.11.46:669][888]LogWorld: Bringing up level for play took: 0.002663
[2017.04.24-21.11.46:675][888]PIE: Info Play in editor start time for /Game/Maps/UEDPIE_0_FPS_Map -0.494
[2017.04.24-21.12.26:205][804]LogTemp: Repeting last play command: Selected Viewport
[2017.04.24-21.12.26:250][804]LogPlayLevel: PlayLevel: No blueprints needed recompiling
[2017.04.24-21.12.26:250][804]PIE: New page: PIE session: FPS_Map (Apr 24, 2017, 1:12:26 PM)
[2017.04.24-21.12.26:250][804]LogPlayLevel: Creating play world package: /Game/Maps/UEDPIE_0_FPS_Map
[2017.04.24-21.12.26:255][804]LogPlayLevel: PIE: StaticDuplicateObject took: (0.004240s)
[2017.04.24-21.12.26:256][804]LogAIModule: Creating AISystem for world FPS_Map
[2017.04.24-21.12.26:256][804]LogPlayLevel: PIE: World Init took: (0.001362s)
[2017.04.24-21.12.26:256][804]LogPlayLevel: PIE: Created PIE world by copying editor world from /Game/Maps/FPS_Map.FPS_Map to /Game/Maps/UEDPIE_0_FPS_Map.FPS_Map (0.005899s)
[2017.04.24-21.12.26:382][804]LogInit: XAudio2 using 'Speakers (AudioQuest DragonFly)' : 2 channels at 44.1 kHz using 24 bits per sample (channel mask 0x3)
[2017.04.24-21.12.26:397][804]LogInit: FAudioDevice initialized.
[2017.04.24-21.12.26:437][804]LogLoad: Game class is 'FPS_Gamemode_C'
[2017.04.24-21.12.26:440][804]LogWorld: Bringing World /Game/Maps/UEDPIE_0_FPS_Map.FPS_Map up for play (max tick rate 0) at 2017.04.24-17.12.26
[2017.04.24-21.12.26:441][804]LogWorld: Bringing up level for play took: 0.002387
[2017.04.24-21.12.26:445][804]LogBlueprintDebug:Warning: Hit breakpoint on node 'CallFunc_SetVectorParameterValue', from offset 227
[2017.04.24-21.12.26:445][804]LogBlueprintDebug: 
Script call stack:
	Function /Game/Target/Target_BP.Target_BP_C:ReceiveBeginPlay
	Function /Game/Target/Target_BP.Target_BP_C:ExecuteUbergraph_Target_BP
	Function /Game/Target/Target_BP.Target_BP_C:SetColor

[2017.04.24-21.13.37:500][804]PIE: Info Play in editor start time for /Game/Maps/UEDPIE_0_FPS_Map 70.331
[2017.04.24-21.13.47:299][389]Cmd: OBJ SAVEPACKAGE PACKAGE="/Game/Target/Target_BP" FILE="../../../../../../Users/Chris/Documents/Unreal Projects/MVP_FPS/Content/Target/Target_BP.uasset" SILENT=true
[2017.04.24-21.13.47:370][389]LogSavePackage: Save=59.65ms
[2017.04.24-21.13.47:370][389]LogSavePackage: Moving '../../../../../../Users/Chris/Documents/Unreal Projects/MVP_FPS/Saved/Target_BP0E185DB642C93DB47F9DDE84FE803723.tmp' to '../../../../../../Users/Chris/Documents/Unreal Projects/MVP_FPS/Content/Target/Target_BP.uasset'
[2017.04.24-21.13.47:374][389]LogSavePackage:Display: Finished SavePackage ../../../../../../Users/Chris/Documents/Unreal Projects/MVP_FPS/Content/Target/Target_BP.uasset
